{"/Users/prodmap/Desktop/crudJs/crud-api-js/controllers/userController.js": {"path":"/Users/prodmap/Desktop/crudJs/crud-api-js/controllers/userController.js","statementMap":{"0":{"start":{"line":1,"column":13},"end":{"line":1,"column":44}},"1":{"start":{"line":2,"column":20},"end":{"line":2,"column":55}},"2":{"start":{"line":7,"column":20},"end":{"line":14,"column":1}},"3":{"start":{"line":8,"column":2},"end":{"line":13,"column":3}},"4":{"start":{"line":9,"column":18},"end":{"line":9,"column":37}},"5":{"start":{"line":10,"column":4},"end":{"line":10,"column":32}},"6":{"start":{"line":12,"column":4},"end":{"line":12,"column":53}},"7":{"start":{"line":17,"column":20},"end":{"line":27,"column":1}},"8":{"start":{"line":18,"column":2},"end":{"line":26,"column":3}},"9":{"start":{"line":19,"column":17},"end":{"line":19,"column":51}},"10":{"start":{"line":20,"column":4},"end":{"line":22,"column":5}},"11":{"start":{"line":21,"column":6},"end":{"line":21,"column":65}},"12":{"start":{"line":23,"column":4},"end":{"line":23,"column":31}},"13":{"start":{"line":25,"column":4},"end":{"line":25,"column":53}},"14":{"start":{"line":30,"column":21},"end":{"line":39,"column":1}},"15":{"start":{"line":31,"column":2},"end":{"line":38,"column":3}},"16":{"start":{"line":32,"column":19},"end":{"line":32,"column":59}},"17":{"start":{"line":33,"column":4},"end":{"line":33,"column":33}},"18":{"start":{"line":35,"column":4},"end":{"line":35,"column":46}},"19":{"start":{"line":36,"column":19},"end":{"line":36,"column":36}},"20":{"start":{"line":37,"column":4},"end":{"line":37,"column":91}},"21":{"start":{"line":42,"column":18},"end":{"line":51,"column":1}},"22":{"start":{"line":43,"column":2},"end":{"line":50,"column":3}},"23":{"start":{"line":44,"column":19},"end":{"line":44,"column":56}},"24":{"start":{"line":45,"column":4},"end":{"line":45,"column":33}},"25":{"start":{"line":47,"column":4},"end":{"line":47,"column":39}},"26":{"start":{"line":48,"column":19},"end":{"line":48,"column":36}},"27":{"start":{"line":49,"column":4},"end":{"line":49,"column":91}},"28":{"start":{"line":54,"column":19},"end":{"line":61,"column":1}},"29":{"start":{"line":55,"column":2},"end":{"line":60,"column":3}},"30":{"start":{"line":56,"column":17},"end":{"line":56,"column":44}},"31":{"start":{"line":57,"column":4},"end":{"line":57,"column":31}},"32":{"start":{"line":59,"column":4},"end":{"line":59,"column":53}},"33":{"start":{"line":64,"column":19},"end":{"line":74,"column":1}},"34":{"start":{"line":65,"column":2},"end":{"line":73,"column":3}},"35":{"start":{"line":66,"column":17},"end":{"line":66,"column":85}},"36":{"start":{"line":67,"column":4},"end":{"line":69,"column":5}},"37":{"start":{"line":68,"column":6},"end":{"line":68,"column":65}},"38":{"start":{"line":70,"column":4},"end":{"line":70,"column":31}},"39":{"start":{"line":72,"column":4},"end":{"line":72,"column":53}},"40":{"start":{"line":77,"column":19},"end":{"line":87,"column":1}},"41":{"start":{"line":78,"column":2},"end":{"line":86,"column":3}},"42":{"start":{"line":79,"column":17},"end":{"line":79,"column":60}},"43":{"start":{"line":80,"column":4},"end":{"line":82,"column":5}},"44":{"start":{"line":81,"column":6},"end":{"line":81,"column":65}},"45":{"start":{"line":83,"column":4},"end":{"line":83,"column":67}},"46":{"start":{"line":85,"column":4},"end":{"line":85,"column":53}},"47":{"start":{"line":90,"column":23},"end":{"line":100,"column":1}},"48":{"start":{"line":91,"column":2},"end":{"line":99,"column":3}},"49":{"start":{"line":92,"column":17},"end":{"line":92,"column":73}},"50":{"start":{"line":93,"column":4},"end":{"line":95,"column":5}},"51":{"start":{"line":94,"column":6},"end":{"line":94,"column":65}},"52":{"start":{"line":96,"column":4},"end":{"line":96,"column":31}},"53":{"start":{"line":98,"column":4},"end":{"line":98,"column":53}},"54":{"start":{"line":103,"column":26},"end":{"line":113,"column":1}},"55":{"start":{"line":104,"column":2},"end":{"line":112,"column":3}},"56":{"start":{"line":105,"column":19},"end":{"line":105,"column":46}},"57":{"start":{"line":106,"column":19},"end":{"line":106,"column":72}},"58":{"start":{"line":107,"column":4},"end":{"line":107,"column":33}},"59":{"start":{"line":109,"column":4},"end":{"line":109,"column":48}},"60":{"start":{"line":110,"column":19},"end":{"line":110,"column":36}},"61":{"start":{"line":111,"column":4},"end":{"line":111,"column":91}},"62":{"start":{"line":116,"column":26},"end":{"line":126,"column":1}},"63":{"start":{"line":117,"column":2},"end":{"line":125,"column":3}},"64":{"start":{"line":118,"column":19},"end":{"line":118,"column":46}},"65":{"start":{"line":119,"column":19},"end":{"line":119,"column":62}},"66":{"start":{"line":120,"column":4},"end":{"line":120,"column":33}},"67":{"start":{"line":122,"column":4},"end":{"line":122,"column":48}},"68":{"start":{"line":123,"column":19},"end":{"line":123,"column":36}},"69":{"start":{"line":124,"column":4},"end":{"line":124,"column":91}},"70":{"start":{"line":129,"column":21},"end":{"line":139,"column":1}},"71":{"start":{"line":130,"column":2},"end":{"line":138,"column":3}},"72":{"start":{"line":131,"column":19},"end":{"line":131,"column":46}},"73":{"start":{"line":132,"column":19},"end":{"line":132,"column":57}},"74":{"start":{"line":133,"column":4},"end":{"line":133,"column":33}},"75":{"start":{"line":135,"column":4},"end":{"line":135,"column":47}},"76":{"start":{"line":136,"column":19},"end":{"line":136,"column":36}},"77":{"start":{"line":137,"column":4},"end":{"line":137,"column":91}},"78":{"start":{"line":141,"column":0},"end":{"line":153,"column":2}}},"fnMap":{"0":{"name":"(anonymous_0)","decl":{"start":{"line":7,"column":20},"end":{"line":7,"column":21}},"loc":{"start":{"line":7,"column":40},"end":{"line":14,"column":1}},"line":7},"1":{"name":"(anonymous_1)","decl":{"start":{"line":17,"column":20},"end":{"line":17,"column":21}},"loc":{"start":{"line":17,"column":40},"end":{"line":27,"column":1}},"line":17},"2":{"name":"(anonymous_2)","decl":{"start":{"line":30,"column":21},"end":{"line":30,"column":22}},"loc":{"start":{"line":30,"column":41},"end":{"line":39,"column":1}},"line":30},"3":{"name":"(anonymous_3)","decl":{"start":{"line":42,"column":18},"end":{"line":42,"column":19}},"loc":{"start":{"line":42,"column":38},"end":{"line":51,"column":1}},"line":42},"4":{"name":"(anonymous_4)","decl":{"start":{"line":54,"column":19},"end":{"line":54,"column":20}},"loc":{"start":{"line":54,"column":39},"end":{"line":61,"column":1}},"line":54},"5":{"name":"(anonymous_5)","decl":{"start":{"line":64,"column":19},"end":{"line":64,"column":20}},"loc":{"start":{"line":64,"column":39},"end":{"line":74,"column":1}},"line":64},"6":{"name":"(anonymous_6)","decl":{"start":{"line":77,"column":19},"end":{"line":77,"column":20}},"loc":{"start":{"line":77,"column":39},"end":{"line":87,"column":1}},"line":77},"7":{"name":"(anonymous_7)","decl":{"start":{"line":90,"column":23},"end":{"line":90,"column":24}},"loc":{"start":{"line":90,"column":43},"end":{"line":100,"column":1}},"line":90},"8":{"name":"(anonymous_8)","decl":{"start":{"line":103,"column":26},"end":{"line":103,"column":27}},"loc":{"start":{"line":103,"column":46},"end":{"line":113,"column":1}},"line":103},"9":{"name":"(anonymous_9)","decl":{"start":{"line":116,"column":26},"end":{"line":116,"column":27}},"loc":{"start":{"line":116,"column":46},"end":{"line":126,"column":1}},"line":116},"10":{"name":"(anonymous_10)","decl":{"start":{"line":129,"column":21},"end":{"line":129,"column":22}},"loc":{"start":{"line":129,"column":41},"end":{"line":139,"column":1}},"line":129}},"branchMap":{"0":{"loc":{"start":{"line":20,"column":4},"end":{"line":22,"column":5}},"type":"if","locations":[{"start":{"line":20,"column":4},"end":{"line":22,"column":5}},{"start":{},"end":{}}],"line":20},"1":{"loc":{"start":{"line":36,"column":19},"end":{"line":36,"column":36}},"type":"binary-expr","locations":[{"start":{"line":36,"column":19},"end":{"line":36,"column":29}},{"start":{"line":36,"column":33},"end":{"line":36,"column":36}}],"line":36},"2":{"loc":{"start":{"line":37,"column":61},"end":{"line":37,"column":87}},"type":"binary-expr","locations":[{"start":{"line":37,"column":61},"end":{"line":37,"column":72}},{"start":{"line":37,"column":76},"end":{"line":37,"column":87}}],"line":37},"3":{"loc":{"start":{"line":48,"column":19},"end":{"line":48,"column":36}},"type":"binary-expr","locations":[{"start":{"line":48,"column":19},"end":{"line":48,"column":29}},{"start":{"line":48,"column":33},"end":{"line":48,"column":36}}],"line":48},"4":{"loc":{"start":{"line":49,"column":61},"end":{"line":49,"column":87}},"type":"binary-expr","locations":[{"start":{"line":49,"column":61},"end":{"line":49,"column":72}},{"start":{"line":49,"column":76},"end":{"line":49,"column":87}}],"line":49},"5":{"loc":{"start":{"line":67,"column":4},"end":{"line":69,"column":5}},"type":"if","locations":[{"start":{"line":67,"column":4},"end":{"line":69,"column":5}},{"start":{},"end":{}}],"line":67},"6":{"loc":{"start":{"line":80,"column":4},"end":{"line":82,"column":5}},"type":"if","locations":[{"start":{"line":80,"column":4},"end":{"line":82,"column":5}},{"start":{},"end":{}}],"line":80},"7":{"loc":{"start":{"line":93,"column":4},"end":{"line":95,"column":5}},"type":"if","locations":[{"start":{"line":93,"column":4},"end":{"line":95,"column":5}},{"start":{},"end":{}}],"line":93},"8":{"loc":{"start":{"line":105,"column":19},"end":{"line":105,"column":46}},"type":"binary-expr","locations":[{"start":{"line":105,"column":19},"end":{"line":105,"column":27}},{"start":{"line":105,"column":31},"end":{"line":105,"column":46}}],"line":105},"9":{"loc":{"start":{"line":110,"column":19},"end":{"line":110,"column":36}},"type":"binary-expr","locations":[{"start":{"line":110,"column":19},"end":{"line":110,"column":29}},{"start":{"line":110,"column":33},"end":{"line":110,"column":36}}],"line":110},"10":{"loc":{"start":{"line":111,"column":61},"end":{"line":111,"column":87}},"type":"binary-expr","locations":[{"start":{"line":111,"column":61},"end":{"line":111,"column":72}},{"start":{"line":111,"column":76},"end":{"line":111,"column":87}}],"line":111},"11":{"loc":{"start":{"line":118,"column":19},"end":{"line":118,"column":46}},"type":"binary-expr","locations":[{"start":{"line":118,"column":19},"end":{"line":118,"column":27}},{"start":{"line":118,"column":31},"end":{"line":118,"column":46}}],"line":118},"12":{"loc":{"start":{"line":123,"column":19},"end":{"line":123,"column":36}},"type":"binary-expr","locations":[{"start":{"line":123,"column":19},"end":{"line":123,"column":29}},{"start":{"line":123,"column":33},"end":{"line":123,"column":36}}],"line":123},"13":{"loc":{"start":{"line":124,"column":61},"end":{"line":124,"column":87}},"type":"binary-expr","locations":[{"start":{"line":124,"column":61},"end":{"line":124,"column":72}},{"start":{"line":124,"column":76},"end":{"line":124,"column":87}}],"line":124},"14":{"loc":{"start":{"line":131,"column":19},"end":{"line":131,"column":46}},"type":"binary-expr","locations":[{"start":{"line":131,"column":19},"end":{"line":131,"column":27}},{"start":{"line":131,"column":31},"end":{"line":131,"column":46}}],"line":131},"15":{"loc":{"start":{"line":136,"column":19},"end":{"line":136,"column":36}},"type":"binary-expr","locations":[{"start":{"line":136,"column":19},"end":{"line":136,"column":29}},{"start":{"line":136,"column":33},"end":{"line":136,"column":36}}],"line":136},"16":{"loc":{"start":{"line":137,"column":61},"end":{"line":137,"column":87}},"type":"binary-expr","locations":[{"start":{"line":137,"column":61},"end":{"line":137,"column":72}},{"start":{"line":137,"column":76},"end":{"line":137,"column":87}}],"line":137}},"s":{"0":2,"1":2,"2":2,"3":2,"4":2,"5":1,"6":1,"7":2,"8":3,"9":3,"10":2,"11":1,"12":1,"13":1,"14":2,"15":4,"16":4,"17":1,"18":3,"19":3,"20":3,"21":2,"22":4,"23":4,"24":1,"25":3,"26":3,"27":3,"28":2,"29":0,"30":0,"31":0,"32":0,"33":2,"34":0,"35":0,"36":0,"37":0,"38":0,"39":0,"40":2,"41":0,"42":0,"43":0,"44":0,"45":0,"46":0,"47":2,"48":1,"49":1,"50":0,"51":0,"52":0,"53":1,"54":2,"55":1,"56":1,"57":1,"58":1,"59":0,"60":0,"61":0,"62":2,"63":1,"64":1,"65":1,"66":1,"67":0,"68":0,"69":0,"70":2,"71":1,"72":1,"73":1,"74":1,"75":0,"76":0,"77":0,"78":2},"f":{"0":2,"1":3,"2":4,"3":4,"4":0,"5":0,"6":0,"7":1,"8":1,"9":1,"10":1},"b":{"0":[1,1],"1":[3,0],"2":[3,3],"3":[3,0],"4":[3,3],"5":[0,0],"6":[0,0],"7":[0,0],"8":[1,1],"9":[0,0],"10":[0,0],"11":[1,1],"12":[0,0],"13":[0,0],"14":[1,1],"15":[0,0],"16":[0,0]},"_coverageSchema":"1a1c01bbd47fc00a2c39e90264f33305004495a9","hash":"b13993ad16039ab39ad75554105813a900354632"}
,"/Users/prodmap/Desktop/crudJs/crud-api-js/routes/adminRoutes.js": {"path":"/Users/prodmap/Desktop/crudJs/crud-api-js/routes/adminRoutes.js","statementMap":{"0":{"start":{"line":1,"column":16},"end":{"line":1,"column":34}},"1":{"start":{"line":2,"column":13},"end":{"line":2,"column":47}},"2":{"start":{"line":3,"column":24},"end":{"line":3,"column":53}},"3":{"start":{"line":4,"column":15},"end":{"line":4,"column":31}},"4":{"start":{"line":7,"column":0},"end":{"line":23,"column":3}},"5":{"start":{"line":8,"column":2},"end":{"line":22,"column":3}},"6":{"start":{"line":10,"column":18},"end":{"line":10,"column":54}},"7":{"start":{"line":11,"column":4},"end":{"line":13,"column":5}},"8":{"start":{"line":12,"column":6},"end":{"line":12,"column":70}},"9":{"start":{"line":15,"column":19},"end":{"line":15,"column":44}},"10":{"start":{"line":16,"column":4},"end":{"line":19,"column":7}},"11":{"start":{"line":21,"column":4},"end":{"line":21,"column":53}},"12":{"start":{"line":26,"column":0},"end":{"line":47,"column":3}},"13":{"start":{"line":27,"column":2},"end":{"line":46,"column":3}},"14":{"start":{"line":28,"column":18},"end":{"line":28,"column":54}},"15":{"start":{"line":29,"column":4},"end":{"line":31,"column":5}},"16":{"start":{"line":30,"column":6},"end":{"line":30,"column":70}},"17":{"start":{"line":33,"column":19},"end":{"line":33,"column":29}},"18":{"start":{"line":34,"column":4},"end":{"line":34,"column":110}},"19":{"start":{"line":36,"column":17},"end":{"line":36,"column":49}},"20":{"start":{"line":37,"column":4},"end":{"line":37,"column":74}},"21":{"start":{"line":37,"column":15},"end":{"line":37,"column":74}},"22":{"start":{"line":39,"column":4},"end":{"line":43,"column":7}},"23":{"start":{"line":45,"column":4},"end":{"line":45,"column":53}},"24":{"start":{"line":49,"column":0},"end":{"line":49,"column":24}}},"fnMap":{"0":{"name":"(anonymous_0)","decl":{"start":{"line":7,"column":47},"end":{"line":7,"column":48}},"loc":{"start":{"line":7,"column":67},"end":{"line":23,"column":1}},"line":7},"1":{"name":"(anonymous_1)","decl":{"start":{"line":26,"column":51},"end":{"line":26,"column":52}},"loc":{"start":{"line":26,"column":71},"end":{"line":47,"column":1}},"line":26}},"branchMap":{"0":{"loc":{"start":{"line":11,"column":4},"end":{"line":13,"column":5}},"type":"if","locations":[{"start":{"line":11,"column":4},"end":{"line":13,"column":5}},{"start":{},"end":{}}],"line":11},"1":{"loc":{"start":{"line":11,"column":8},"end":{"line":11,"column":40}},"type":"binary-expr","locations":[{"start":{"line":11,"column":8},"end":{"line":11,"column":14}},{"start":{"line":11,"column":18},"end":{"line":11,"column":40}}],"line":11},"2":{"loc":{"start":{"line":29,"column":4},"end":{"line":31,"column":5}},"type":"if","locations":[{"start":{"line":29,"column":4},"end":{"line":31,"column":5}},{"start":{},"end":{}}],"line":29},"3":{"loc":{"start":{"line":29,"column":8},"end":{"line":29,"column":40}},"type":"binary-expr","locations":[{"start":{"line":29,"column":8},"end":{"line":29,"column":14}},{"start":{"line":29,"column":18},"end":{"line":29,"column":40}}],"line":29},"4":{"loc":{"start":{"line":34,"column":58},"end":{"line":34,"column":108}},"type":"binary-expr","locations":[{"start":{"line":34,"column":58},"end":{"line":34,"column":63}},{"start":{"line":34,"column":67},"end":{"line":34,"column":108}}],"line":34},"5":{"loc":{"start":{"line":37,"column":4},"end":{"line":37,"column":74}},"type":"if","locations":[{"start":{"line":37,"column":4},"end":{"line":37,"column":74}},{"start":{},"end":{}}],"line":37}},"s":{"0":1,"1":1,"2":1,"3":1,"4":1,"5":3,"6":3,"7":3,"8":1,"9":2,"10":1,"11":1,"12":1,"13":4,"14":4,"15":4,"16":1,"17":3,"18":3,"19":3,"20":2,"21":1,"22":1,"23":1,"24":1},"f":{"0":3,"1":4},"b":{"0":[1,2],"1":[3,3],"2":[1,3],"3":[4,4],"4":[3,3],"5":[1,1]},"_coverageSchema":"1a1c01bbd47fc00a2c39e90264f33305004495a9","hash":"ebf49bd5a5a685cd4b59f02aa3251c2914ec598a"}
,"/Users/prodmap/Desktop/crudJs/crud-api-js/routes/authRoutes.js": {"path":"/Users/prodmap/Desktop/crudJs/crud-api-js/routes/authRoutes.js","statementMap":{"0":{"start":{"line":1,"column":19},"end":{"line":1,"column":37}},"1":{"start":{"line":2,"column":23},"end":{"line":2,"column":63}},"2":{"start":{"line":3,"column":24},"end":{"line":3,"column":53}},"3":{"start":{"line":4,"column":15},"end":{"line":4,"column":23}},"4":{"start":{"line":7,"column":0},"end":{"line":7,"column":63}},"5":{"start":{"line":8,"column":0},"end":{"line":8,"column":57}},"6":{"start":{"line":11,"column":0},"end":{"line":11,"column":71}},"7":{"start":{"line":12,"column":0},"end":{"line":12,"column":75}},"8":{"start":{"line":15,"column":0},"end":{"line":21,"column":3}},"9":{"start":{"line":16,"column":2},"end":{"line":20,"column":5}},"10":{"start":{"line":24,"column":0},"end":{"line":24,"column":81}},"11":{"start":{"line":27,"column":0},"end":{"line":27,"column":76}},"12":{"start":{"line":28,"column":0},"end":{"line":28,"column":79}},"13":{"start":{"line":29,"column":0},"end":{"line":29,"column":82}},"14":{"start":{"line":31,"column":0},"end":{"line":31,"column":24}}},"fnMap":{"0":{"name":"(anonymous_0)","decl":{"start":{"line":15,"column":48},"end":{"line":15,"column":49}},"loc":{"start":{"line":15,"column":62},"end":{"line":21,"column":1}},"line":15}},"branchMap":{},"s":{"0":2,"1":2,"2":2,"3":2,"4":2,"5":2,"6":2,"7":2,"8":2,"9":1,"10":2,"11":2,"12":2,"13":2,"14":2},"f":{"0":1},"b":{},"_coverageSchema":"1a1c01bbd47fc00a2c39e90264f33305004495a9","hash":"7f3f475343d9454de2004543deec79bc9b55bda2"}
,"/Users/prodmap/Desktop/crudJs/crud-api-js/services/user.service.js": {"path":"/Users/prodmap/Desktop/crudJs/crud-api-js/services/user.service.js","statementMap":{"0":{"start":{"line":1,"column":13},"end":{"line":1,"column":44}},"1":{"start":{"line":2,"column":17},"end":{"line":2,"column":36}},"2":{"start":{"line":3,"column":15},"end":{"line":3,"column":34}},"3":{"start":{"line":4,"column":12},"end":{"line":4,"column":35}},"4":{"start":{"line":12,"column":2},"end":{"line":16,"column":4}},"5":{"start":{"line":25,"column":17},"end":{"line":25,"column":19}},"6":{"start":{"line":27,"column":2},"end":{"line":29,"column":3}},"7":{"start":{"line":28,"column":4},"end":{"line":28,"column":58}},"8":{"start":{"line":30,"column":2},"end":{"line":32,"column":3}},"9":{"start":{"line":31,"column":4},"end":{"line":31,"column":71}},"10":{"start":{"line":33,"column":2},"end":{"line":35,"column":3}},"11":{"start":{"line":34,"column":4},"end":{"line":34,"column":71}},"12":{"start":{"line":36,"column":2},"end":{"line":38,"column":3}},"13":{"start":{"line":37,"column":4},"end":{"line":37,"column":61}},"14":{"start":{"line":40,"column":2},"end":{"line":43,"column":4}},"15":{"start":{"line":52,"column":50},"end":{"line":52,"column":53}},"16":{"start":{"line":54,"column":2},"end":{"line":58,"column":3}},"17":{"start":{"line":55,"column":16},"end":{"line":55,"column":51}},"18":{"start":{"line":56,"column":4},"end":{"line":56,"column":21}},"19":{"start":{"line":57,"column":4},"end":{"line":57,"column":14}},"20":{"start":{"line":60,"column":2},"end":{"line":64,"column":3}},"21":{"start":{"line":61,"column":16},"end":{"line":61,"column":60}},"22":{"start":{"line":62,"column":4},"end":{"line":62,"column":21}},"23":{"start":{"line":63,"column":4},"end":{"line":63,"column":14}},"24":{"start":{"line":66,"column":29},"end":{"line":66,"column":55}},"25":{"start":{"line":67,"column":2},"end":{"line":72,"column":3}},"26":{"start":{"line":68,"column":16},"end":{"line":68,"column":64}},"27":{"start":{"line":69,"column":4},"end":{"line":69,"column":21}},"28":{"start":{"line":70,"column":4},"end":{"line":70,"column":44}},"29":{"start":{"line":71,"column":4},"end":{"line":71,"column":14}},"30":{"start":{"line":74,"column":23},"end":{"line":74,"column":52}},"31":{"start":{"line":75,"column":2},"end":{"line":79,"column":3}},"32":{"start":{"line":76,"column":16},"end":{"line":76,"column":64}},"33":{"start":{"line":77,"column":4},"end":{"line":77,"column":21}},"34":{"start":{"line":78,"column":4},"end":{"line":78,"column":14}},"35":{"start":{"line":81,"column":15},"end":{"line":81,"column":39}},"36":{"start":{"line":82,"column":17},"end":{"line":82,"column":50}},"37":{"start":{"line":84,"column":15},"end":{"line":90,"column":4}},"38":{"start":{"line":92,"column":23},"end":{"line":97,"column":3}},"39":{"start":{"line":99,"column":16},"end":{"line":99,"column":41}},"40":{"start":{"line":101,"column":23},"end":{"line":101,"column":38}},"41":{"start":{"line":102,"column":2},"end":{"line":102,"column":31}},"42":{"start":{"line":104,"column":2},"end":{"line":104,"column":80}},"43":{"start":{"line":113,"column":30},"end":{"line":113,"column":33}},"44":{"start":{"line":114,"column":2},"end":{"line":118,"column":3}},"45":{"start":{"line":115,"column":16},"end":{"line":115,"column":60}},"46":{"start":{"line":116,"column":4},"end":{"line":116,"column":21}},"47":{"start":{"line":117,"column":4},"end":{"line":117,"column":14}},"48":{"start":{"line":120,"column":15},"end":{"line":120,"column":44}},"49":{"start":{"line":121,"column":2},"end":{"line":125,"column":3}},"50":{"start":{"line":122,"column":16},"end":{"line":122,"column":54}},"51":{"start":{"line":123,"column":4},"end":{"line":123,"column":21}},"52":{"start":{"line":124,"column":4},"end":{"line":124,"column":14}},"53":{"start":{"line":127,"column":26},"end":{"line":127,"column":71}},"54":{"start":{"line":128,"column":2},"end":{"line":132,"column":3}},"55":{"start":{"line":129,"column":16},"end":{"line":129,"column":54}},"56":{"start":{"line":130,"column":4},"end":{"line":130,"column":21}},"57":{"start":{"line":131,"column":4},"end":{"line":131,"column":14}},"58":{"start":{"line":134,"column":23},"end":{"line":139,"column":3}},"59":{"start":{"line":141,"column":16},"end":{"line":141,"column":41}},"60":{"start":{"line":143,"column":23},"end":{"line":143,"column":38}},"61":{"start":{"line":144,"column":2},"end":{"line":144,"column":31}},"62":{"start":{"line":146,"column":2},"end":{"line":146,"column":68}},"63":{"start":{"line":156,"column":33},"end":{"line":156,"column":36}},"64":{"start":{"line":158,"column":2},"end":{"line":162,"column":3}},"65":{"start":{"line":159,"column":16},"end":{"line":159,"column":50}},"66":{"start":{"line":160,"column":4},"end":{"line":160,"column":21}},"67":{"start":{"line":161,"column":4},"end":{"line":161,"column":14}},"68":{"start":{"line":164,"column":21},"end":{"line":164,"column":23}},"69":{"start":{"line":165,"column":2},"end":{"line":165,"column":49}},"70":{"start":{"line":165,"column":26},"end":{"line":165,"column":49}},"71":{"start":{"line":166,"column":2},"end":{"line":173,"column":3}},"72":{"start":{"line":167,"column":4},"end":{"line":171,"column":5}},"73":{"start":{"line":168,"column":18},"end":{"line":168,"column":48}},"74":{"start":{"line":169,"column":6},"end":{"line":169,"column":23}},"75":{"start":{"line":170,"column":6},"end":{"line":170,"column":16}},"76":{"start":{"line":172,"column":4},"end":{"line":172,"column":25}},"77":{"start":{"line":174,"column":2},"end":{"line":174,"column":58}},"78":{"start":{"line":174,"column":29},"end":{"line":174,"column":58}},"79":{"start":{"line":176,"column":23},"end":{"line":176,"column":50}},"80":{"start":{"line":177,"column":2},"end":{"line":181,"column":3}},"81":{"start":{"line":178,"column":16},"end":{"line":178,"column":43}},"82":{"start":{"line":179,"column":4},"end":{"line":179,"column":21}},"83":{"start":{"line":180,"column":4},"end":{"line":180,"column":14}},"84":{"start":{"line":183,"column":15},"end":{"line":183,"column":119}},"85":{"start":{"line":184,"column":2},"end":{"line":188,"column":3}},"86":{"start":{"line":185,"column":16},"end":{"line":185,"column":58}},"87":{"start":{"line":186,"column":4},"end":{"line":186,"column":21}},"88":{"start":{"line":187,"column":4},"end":{"line":187,"column":14}},"89":{"start":{"line":190,"column":2},"end":{"line":190,"column":59}},"90":{"start":{"line":199,"column":2},"end":{"line":203,"column":3}},"91":{"start":{"line":200,"column":16},"end":{"line":200,"column":50}},"92":{"start":{"line":201,"column":4},"end":{"line":201,"column":21}},"93":{"start":{"line":202,"column":4},"end":{"line":202,"column":14}},"94":{"start":{"line":205,"column":15},"end":{"line":205,"column":51}},"95":{"start":{"line":206,"column":2},"end":{"line":210,"column":3}},"96":{"start":{"line":207,"column":16},"end":{"line":207,"column":43}},"97":{"start":{"line":208,"column":4},"end":{"line":208,"column":21}},"98":{"start":{"line":209,"column":4},"end":{"line":209,"column":14}},"99":{"start":{"line":212,"column":2},"end":{"line":212,"column":53}},"100":{"start":{"line":221,"column":15},"end":{"line":221,"column":62}},"101":{"start":{"line":222,"column":2},"end":{"line":226,"column":3}},"102":{"start":{"line":223,"column":16},"end":{"line":223,"column":43}},"103":{"start":{"line":224,"column":4},"end":{"line":224,"column":21}},"104":{"start":{"line":225,"column":4},"end":{"line":225,"column":14}},"105":{"start":{"line":228,"column":23},"end":{"line":232,"column":3}},"106":{"start":{"line":234,"column":16},"end":{"line":234,"column":41}},"107":{"start":{"line":236,"column":2},"end":{"line":236,"column":66}},"108":{"start":{"line":239,"column":0},"end":{"line":246,"column":2}}},"fnMap":{"0":{"name":"createToken","decl":{"start":{"line":11,"column":9},"end":{"line":11,"column":20}},"loc":{"start":{"line":11,"column":30},"end":{"line":17,"column":1}},"line":11},"1":{"name":"validatePassword","decl":{"start":{"line":24,"column":9},"end":{"line":24,"column":25}},"loc":{"start":{"line":24,"column":36},"end":{"line":44,"column":1}},"line":24},"2":{"name":"registerUser","decl":{"start":{"line":51,"column":15},"end":{"line":51,"column":27}},"loc":{"start":{"line":51,"column":33},"end":{"line":105,"column":1}},"line":51},"3":{"name":"loginUser","decl":{"start":{"line":112,"column":15},"end":{"line":112,"column":24}},"loc":{"start":{"line":112,"column":30},"end":{"line":147,"column":1}},"line":112},"4":{"name":"updateCurrentUser","decl":{"start":{"line":155,"column":15},"end":{"line":155,"column":32}},"loc":{"start":{"line":155,"column":46},"end":{"line":191,"column":1}},"line":155},"5":{"name":"deleteCurrentUser","decl":{"start":{"line":198,"column":15},"end":{"line":198,"column":32}},"loc":{"start":{"line":198,"column":41},"end":{"line":213,"column":1}},"line":198},"6":{"name":"refreshToken","decl":{"start":{"line":220,"column":15},"end":{"line":220,"column":27}},"loc":{"start":{"line":220,"column":36},"end":{"line":237,"column":1}},"line":220}},"branchMap":{"0":{"loc":{"start":{"line":14,"column":4},"end":{"line":14,"column":47}},"type":"binary-expr","locations":[{"start":{"line":14,"column":4},"end":{"line":14,"column":26}},{"start":{"line":14,"column":30},"end":{"line":14,"column":47}}],"line":14},"1":{"loc":{"start":{"line":27,"column":2},"end":{"line":29,"column":3}},"type":"if","locations":[{"start":{"line":27,"column":2},"end":{"line":29,"column":3}},{"start":{},"end":{}}],"line":27},"2":{"loc":{"start":{"line":27,"column":6},"end":{"line":27,"column":38}},"type":"binary-expr","locations":[{"start":{"line":27,"column":6},"end":{"line":27,"column":15}},{"start":{"line":27,"column":19},"end":{"line":27,"column":38}}],"line":27},"3":{"loc":{"start":{"line":30,"column":2},"end":{"line":32,"column":3}},"type":"if","locations":[{"start":{"line":30,"column":2},"end":{"line":32,"column":3}},{"start":{},"end":{}}],"line":30},"4":{"loc":{"start":{"line":33,"column":2},"end":{"line":35,"column":3}},"type":"if","locations":[{"start":{"line":33,"column":2},"end":{"line":35,"column":3}},{"start":{},"end":{}}],"line":33},"5":{"loc":{"start":{"line":36,"column":2},"end":{"line":38,"column":3}},"type":"if","locations":[{"start":{"line":36,"column":2},"end":{"line":38,"column":3}},{"start":{},"end":{}}],"line":36},"6":{"loc":{"start":{"line":54,"column":2},"end":{"line":58,"column":3}},"type":"if","locations":[{"start":{"line":54,"column":2},"end":{"line":58,"column":3}},{"start":{},"end":{}}],"line":54},"7":{"loc":{"start":{"line":60,"column":2},"end":{"line":64,"column":3}},"type":"if","locations":[{"start":{"line":60,"column":2},"end":{"line":64,"column":3}},{"start":{},"end":{}}],"line":60},"8":{"loc":{"start":{"line":60,"column":6},"end":{"line":60,"column":25}},"type":"binary-expr","locations":[{"start":{"line":60,"column":6},"end":{"line":60,"column":12}},{"start":{"line":60,"column":16},"end":{"line":60,"column":25}}],"line":60},"9":{"loc":{"start":{"line":67,"column":2},"end":{"line":72,"column":3}},"type":"if","locations":[{"start":{"line":67,"column":2},"end":{"line":72,"column":3}},{"start":{},"end":{}}],"line":67},"10":{"loc":{"start":{"line":75,"column":2},"end":{"line":79,"column":3}},"type":"if","locations":[{"start":{"line":75,"column":2},"end":{"line":79,"column":3}},{"start":{},"end":{}}],"line":75},"11":{"loc":{"start":{"line":114,"column":2},"end":{"line":118,"column":3}},"type":"if","locations":[{"start":{"line":114,"column":2},"end":{"line":118,"column":3}},{"start":{},"end":{}}],"line":114},"12":{"loc":{"start":{"line":114,"column":6},"end":{"line":114,"column":25}},"type":"binary-expr","locations":[{"start":{"line":114,"column":6},"end":{"line":114,"column":12}},{"start":{"line":114,"column":16},"end":{"line":114,"column":25}}],"line":114},"13":{"loc":{"start":{"line":121,"column":2},"end":{"line":125,"column":3}},"type":"if","locations":[{"start":{"line":121,"column":2},"end":{"line":125,"column":3}},{"start":{},"end":{}}],"line":121},"14":{"loc":{"start":{"line":128,"column":2},"end":{"line":132,"column":3}},"type":"if","locations":[{"start":{"line":128,"column":2},"end":{"line":132,"column":3}},{"start":{},"end":{}}],"line":128},"15":{"loc":{"start":{"line":158,"column":2},"end":{"line":162,"column":3}},"type":"if","locations":[{"start":{"line":158,"column":2},"end":{"line":162,"column":3}},{"start":{},"end":{}}],"line":158},"16":{"loc":{"start":{"line":165,"column":2},"end":{"line":165,"column":49}},"type":"if","locations":[{"start":{"line":165,"column":2},"end":{"line":165,"column":49}},{"start":{},"end":{}}],"line":165},"17":{"loc":{"start":{"line":166,"column":2},"end":{"line":173,"column":3}},"type":"if","locations":[{"start":{"line":166,"column":2},"end":{"line":173,"column":3}},{"start":{},"end":{}}],"line":166},"18":{"loc":{"start":{"line":167,"column":4},"end":{"line":171,"column":5}},"type":"if","locations":[{"start":{"line":167,"column":4},"end":{"line":171,"column":5}},{"start":{},"end":{}}],"line":167},"19":{"loc":{"start":{"line":167,"column":8},"end":{"line":167,"column":51}},"type":"binary-expr","locations":[{"start":{"line":167,"column":8},"end":{"line":167,"column":11}},{"start":{"line":167,"column":16},"end":{"line":167,"column":26}},{"start":{"line":167,"column":30},"end":{"line":167,"column":37}},{"start":{"line":167,"column":41},"end":{"line":167,"column":50}}],"line":167},"20":{"loc":{"start":{"line":174,"column":2},"end":{"line":174,"column":58}},"type":"if","locations":[{"start":{"line":174,"column":2},"end":{"line":174,"column":58}},{"start":{},"end":{}}],"line":174},"21":{"loc":{"start":{"line":177,"column":2},"end":{"line":181,"column":3}},"type":"if","locations":[{"start":{"line":177,"column":2},"end":{"line":181,"column":3}},{"start":{},"end":{}}],"line":177},"22":{"loc":{"start":{"line":184,"column":2},"end":{"line":188,"column":3}},"type":"if","locations":[{"start":{"line":184,"column":2},"end":{"line":188,"column":3}},{"start":{},"end":{}}],"line":184},"23":{"loc":{"start":{"line":199,"column":2},"end":{"line":203,"column":3}},"type":"if","locations":[{"start":{"line":199,"column":2},"end":{"line":203,"column":3}},{"start":{},"end":{}}],"line":199},"24":{"loc":{"start":{"line":206,"column":2},"end":{"line":210,"column":3}},"type":"if","locations":[{"start":{"line":206,"column":2},"end":{"line":210,"column":3}},{"start":{},"end":{}}],"line":206},"25":{"loc":{"start":{"line":222,"column":2},"end":{"line":226,"column":3}},"type":"if","locations":[{"start":{"line":222,"column":2},"end":{"line":226,"column":3}},{"start":{},"end":{}}],"line":222}},"s":{"0":3,"1":3,"2":3,"3":3,"4":6,"5":10,"6":10,"7":2,"8":10,"9":2,"10":10,"11":1,"12":10,"13":2,"14":10,"15":8,"16":8,"17":1,"18":1,"19":1,"20":7,"21":2,"22":2,"23":2,"24":5,"25":5,"26":1,"27":1,"28":1,"29":1,"30":4,"31":4,"32":1,"33":1,"34":1,"35":3,"36":3,"37":3,"38":3,"39":3,"40":3,"41":3,"42":3,"43":6,"44":6,"45":2,"46":2,"47":2,"48":4,"49":4,"50":1,"51":1,"52":1,"53":3,"54":3,"55":1,"56":1,"57":1,"58":2,"59":2,"60":2,"61":2,"62":2,"63":4,"64":4,"65":1,"66":1,"67":1,"68":3,"69":3,"70":2,"71":3,"72":1,"73":1,"74":1,"75":1,"76":0,"77":2,"78":0,"79":2,"80":2,"81":1,"82":1,"83":1,"84":1,"85":1,"86":0,"87":0,"88":0,"89":1,"90":3,"91":1,"92":1,"93":1,"94":2,"95":2,"96":1,"97":1,"98":1,"99":1,"100":2,"101":2,"102":1,"103":1,"104":1,"105":1,"106":1,"107":1,"108":3},"f":{"0":6,"1":10,"2":8,"3":6,"4":4,"5":3,"6":2},"b":{"0":[6,6],"1":[2,8],"2":[10,10],"3":[2,8],"4":[1,9],"5":[2,8],"6":[1,7],"7":[2,5],"8":[7,6],"9":[1,4],"10":[1,3],"11":[2,4],"12":[6,5],"13":[1,3],"14":[1,2],"15":[1,3],"16":[2,1],"17":[1,2],"18":[1,0],"19":[1,1,1,1],"20":[0,2],"21":[1,1],"22":[0,1],"23":[1,2],"24":[1,1],"25":[1,1]},"_coverageSchema":"1a1c01bbd47fc00a2c39e90264f33305004495a9","hash":"4ab17029ac2dba2a42c122bce556e915d660e2b4"}
,"/Users/prodmap/Desktop/crudJs/crud-api-js/utils/constants.js": {"path":"/Users/prodmap/Desktop/crudJs/crud-api-js/utils/constants.js","statementMap":{"0":{"start":{"line":6,"column":19},"end":{"line":16,"column":1}},"1":{"start":{"line":18,"column":23},"end":{"line":34,"column":1}},"2":{"start":{"line":36,"column":30},"end":{"line":42,"column":1}},"3":{"start":{"line":44,"column":19},"end":{"line":48,"column":1}},"4":{"start":{"line":50,"column":19},"end":{"line":56,"column":1}},"5":{"start":{"line":58,"column":25},"end":{"line":63,"column":1}},"6":{"start":{"line":65,"column":19},"end":{"line":69,"column":1}},"7":{"start":{"line":71,"column":14},"end":{"line":75,"column":1}},"8":{"start":{"line":77,"column":26},"end":{"line":88,"column":1}},"9":{"start":{"line":90,"column":0},"end":{"line":100,"column":2}}},"fnMap":{},"branchMap":{},"s":{"0":1,"1":1,"2":1,"3":1,"4":1,"5":1,"6":1,"7":1,"8":1,"9":1},"f":{},"b":{},"_coverageSchema":"1a1c01bbd47fc00a2c39e90264f33305004495a9","hash":"e047fe259f4f4b8955052edf9ff8484372825936"}
,"/Users/prodmap/Desktop/crudJs/crud-api-js/utils/errorHandler.js": {"path":"/Users/prodmap/Desktop/crudJs/crud-api-js/utils/errorHandler.js","statementMap":{"0":{"start":{"line":6,"column":23},"end":{"line":6,"column":48}},"1":{"start":{"line":10,"column":4},"end":{"line":10,"column":19}},"2":{"start":{"line":11,"column":4},"end":{"line":11,"column":27}},"3":{"start":{"line":12,"column":4},"end":{"line":12,"column":25}},"4":{"start":{"line":13,"column":4},"end":{"line":13,"column":27}},"5":{"start":{"line":15,"column":4},"end":{"line":15,"column":52}},"6":{"start":{"line":21,"column":4},"end":{"line":21,"column":52}},"7":{"start":{"line":22,"column":4},"end":{"line":22,"column":34}},"8":{"start":{"line":28,"column":4},"end":{"line":28,"column":44}},"9":{"start":{"line":29,"column":4},"end":{"line":29,"column":38}},"10":{"start":{"line":35,"column":4},"end":{"line":35,"column":41}},"11":{"start":{"line":36,"column":4},"end":{"line":36,"column":37}},"12":{"start":{"line":42,"column":4},"end":{"line":42,"column":41}},"13":{"start":{"line":43,"column":4},"end":{"line":43,"column":32}},"14":{"start":{"line":49,"column":4},"end":{"line":49,"column":40}},"15":{"start":{"line":50,"column":4},"end":{"line":50,"column":32}},"16":{"start":{"line":56,"column":4},"end":{"line":56,"column":55}},"17":{"start":{"line":57,"column":4},"end":{"line":57,"column":32}},"18":{"start":{"line":61,"column":28},"end":{"line":84,"column":1}},"19":{"start":{"line":62,"column":2},"end":{"line":69,"column":3}},"20":{"start":{"line":63,"column":4},"end":{"line":68,"column":6}},"21":{"start":{"line":71,"column":2},"end":{"line":77,"column":3}},"22":{"start":{"line":72,"column":4},"end":{"line":76,"column":6}},"23":{"start":{"line":79,"column":2},"end":{"line":83,"column":4}},"24":{"start":{"line":86,"column":24},"end":{"line":90,"column":1}},"25":{"start":{"line":87,"column":2},"end":{"line":89,"column":4}},"26":{"start":{"line":88,"column":4},"end":{"line":88,"column":52}},"27":{"start":{"line":92,"column":21},"end":{"line":131,"column":1}},"28":{"start":{"line":93,"column":17},"end":{"line":93,"column":19}},"29":{"start":{"line":95,"column":2},"end":{"line":128,"column":5}},"30":{"start":{"line":96,"column":18},"end":{"line":96,"column":29}},"31":{"start":{"line":98,"column":4},"end":{"line":100,"column":5}},"32":{"start":{"line":99,"column":6},"end":{"line":99,"column":42}},"33":{"start":{"line":102,"column":4},"end":{"line":107,"column":5}},"34":{"start":{"line":103,"column":25},"end":{"line":103,"column":70}},"35":{"start":{"line":104,"column":6},"end":{"line":106,"column":7}},"36":{"start":{"line":105,"column":8},"end":{"line":105,"column":53}},"37":{"start":{"line":109,"column":4},"end":{"line":111,"column":5}},"38":{"start":{"line":110,"column":6},"end":{"line":110,"column":64}},"39":{"start":{"line":113,"column":4},"end":{"line":115,"column":5}},"40":{"start":{"line":114,"column":6},"end":{"line":114,"column":76}},"41":{"start":{"line":117,"column":4},"end":{"line":119,"column":5}},"42":{"start":{"line":118,"column":6},"end":{"line":118,"column":75}},"43":{"start":{"line":121,"column":4},"end":{"line":123,"column":5}},"44":{"start":{"line":122,"column":6},"end":{"line":122,"column":59}},"45":{"start":{"line":125,"column":4},"end":{"line":127,"column":5}},"46":{"start":{"line":126,"column":6},"end":{"line":126,"column":58}},"47":{"start":{"line":130,"column":2},"end":{"line":130,"column":16}},"48":{"start":{"line":133,"column":17},"end":{"line":144,"column":1}},"49":{"start":{"line":134,"column":20},"end":{"line":141,"column":3}},"50":{"start":{"line":143,"column":2},"end":{"line":143,"column":62}},"51":{"start":{"line":146,"column":28},"end":{"line":154,"column":1}},"52":{"start":{"line":147,"column":2},"end":{"line":153,"column":4}},"53":{"start":{"line":156,"column":0},"end":{"line":169,"column":2}}},"fnMap":{"0":{"name":"(anonymous_0)","decl":{"start":{"line":9,"column":2},"end":{"line":9,"column":3}},"loc":{"start":{"line":9,"column":75},"end":{"line":16,"column":3}},"line":9},"1":{"name":"(anonymous_1)","decl":{"start":{"line":20,"column":2},"end":{"line":20,"column":3}},"loc":{"start":{"line":20,"column":39},"end":{"line":23,"column":3}},"line":20},"2":{"name":"(anonymous_2)","decl":{"start":{"line":27,"column":2},"end":{"line":27,"column":3}},"loc":{"start":{"line":27,"column":49},"end":{"line":30,"column":3}},"line":27},"3":{"name":"(anonymous_3)","decl":{"start":{"line":34,"column":2},"end":{"line":34,"column":3}},"loc":{"start":{"line":34,"column":41},"end":{"line":37,"column":3}},"line":34},"4":{"name":"(anonymous_4)","decl":{"start":{"line":41,"column":2},"end":{"line":41,"column":3}},"loc":{"start":{"line":41,"column":46},"end":{"line":44,"column":3}},"line":41},"5":{"name":"(anonymous_5)","decl":{"start":{"line":48,"column":2},"end":{"line":48,"column":3}},"loc":{"start":{"line":48,"column":51},"end":{"line":51,"column":3}},"line":48},"6":{"name":"(anonymous_6)","decl":{"start":{"line":55,"column":2},"end":{"line":55,"column":3}},"loc":{"start":{"line":55,"column":67},"end":{"line":58,"column":3}},"line":55},"7":{"name":"(anonymous_7)","decl":{"start":{"line":61,"column":28},"end":{"line":61,"column":29}},"loc":{"start":{"line":61,"column":39},"end":{"line":84,"column":1}},"line":61},"8":{"name":"(anonymous_8)","decl":{"start":{"line":86,"column":24},"end":{"line":86,"column":25}},"loc":{"start":{"line":86,"column":32},"end":{"line":90,"column":1}},"line":86},"9":{"name":"(anonymous_9)","decl":{"start":{"line":87,"column":9},"end":{"line":87,"column":10}},"loc":{"start":{"line":87,"column":29},"end":{"line":89,"column":3}},"line":87},"10":{"name":"(anonymous_10)","decl":{"start":{"line":92,"column":21},"end":{"line":92,"column":22}},"loc":{"start":{"line":92,"column":38},"end":{"line":131,"column":1}},"line":92},"11":{"name":"(anonymous_11)","decl":{"start":{"line":95,"column":32},"end":{"line":95,"column":33}},"loc":{"start":{"line":95,"column":51},"end":{"line":128,"column":3}},"line":95},"12":{"name":"(anonymous_12)","decl":{"start":{"line":133,"column":17},"end":{"line":133,"column":18}},"loc":{"start":{"line":133,"column":42},"end":{"line":144,"column":1}},"line":133},"13":{"name":"(anonymous_13)","decl":{"start":{"line":146,"column":28},"end":{"line":146,"column":29}},"loc":{"start":{"line":146,"column":79},"end":{"line":154,"column":1}},"line":146}},"branchMap":{"0":{"loc":{"start":{"line":9,"column":23},"end":{"line":9,"column":57}},"type":"default-arg","locations":[{"start":{"line":9,"column":32},"end":{"line":9,"column":57}}],"line":9},"1":{"loc":{"start":{"line":9,"column":59},"end":{"line":9,"column":73}},"type":"default-arg","locations":[{"start":{"line":9,"column":69},"end":{"line":9,"column":73}}],"line":9},"2":{"loc":{"start":{"line":20,"column":23},"end":{"line":20,"column":37}},"type":"default-arg","locations":[{"start":{"line":20,"column":33},"end":{"line":20,"column":37}}],"line":20},"3":{"loc":{"start":{"line":27,"column":14},"end":{"line":27,"column":47}},"type":"default-arg","locations":[{"start":{"line":27,"column":24},"end":{"line":27,"column":47}}],"line":27},"4":{"loc":{"start":{"line":34,"column":14},"end":{"line":34,"column":39}},"type":"default-arg","locations":[{"start":{"line":34,"column":24},"end":{"line":34,"column":39}}],"line":34},"5":{"loc":{"start":{"line":41,"column":14},"end":{"line":41,"column":44}},"type":"default-arg","locations":[{"start":{"line":41,"column":24},"end":{"line":41,"column":44}}],"line":41},"6":{"loc":{"start":{"line":48,"column":14},"end":{"line":48,"column":49}},"type":"default-arg","locations":[{"start":{"line":48,"column":24},"end":{"line":48,"column":49}}],"line":48},"7":{"loc":{"start":{"line":55,"column":14},"end":{"line":55,"column":49}},"type":"default-arg","locations":[{"start":{"line":55,"column":24},"end":{"line":55,"column":49}}],"line":55},"8":{"loc":{"start":{"line":55,"column":51},"end":{"line":55,"column":65}},"type":"default-arg","locations":[{"start":{"line":55,"column":61},"end":{"line":55,"column":65}}],"line":55},"9":{"loc":{"start":{"line":62,"column":2},"end":{"line":69,"column":3}},"type":"if","locations":[{"start":{"line":62,"column":2},"end":{"line":69,"column":3}},{"start":{},"end":{}}],"line":62},"10":{"loc":{"start":{"line":71,"column":2},"end":{"line":77,"column":3}},"type":"if","locations":[{"start":{"line":71,"column":2},"end":{"line":77,"column":3}},{"start":{},"end":{}}],"line":71},"11":{"loc":{"start":{"line":80,"column":13},"end":{"line":80,"column":53}},"type":"binary-expr","locations":[{"start":{"line":80,"column":13},"end":{"line":80,"column":26}},{"start":{"line":80,"column":30},"end":{"line":80,"column":53}}],"line":80},"12":{"loc":{"start":{"line":82,"column":13},"end":{"line":82,"column":72}},"type":"cond-expr","locations":[{"start":{"line":82,"column":54},"end":{"line":82,"column":65}},{"start":{"line":82,"column":68},"end":{"line":82,"column":72}}],"line":82},"13":{"loc":{"start":{"line":98,"column":4},"end":{"line":100,"column":5}},"type":"if","locations":[{"start":{"line":98,"column":4},"end":{"line":100,"column":5}},{"start":{},"end":{}}],"line":98},"14":{"loc":{"start":{"line":98,"column":8},"end":{"line":98,"column":67}},"type":"binary-expr","locations":[{"start":{"line":98,"column":8},"end":{"line":98,"column":21}},{"start":{"line":98,"column":26},"end":{"line":98,"column":32}},{"start":{"line":98,"column":36},"end":{"line":98,"column":66}}],"line":98},"15":{"loc":{"start":{"line":102,"column":4},"end":{"line":107,"column":5}},"type":"if","locations":[{"start":{"line":102,"column":4},"end":{"line":107,"column":5}},{"start":{},"end":{}}],"line":102},"16":{"loc":{"start":{"line":102,"column":8},"end":{"line":102,"column":26}},"type":"binary-expr","locations":[{"start":{"line":102,"column":8},"end":{"line":102,"column":13}},{"start":{"line":102,"column":17},"end":{"line":102,"column":26}}],"line":102},"17":{"loc":{"start":{"line":103,"column":25},"end":{"line":103,"column":70}},"type":"cond-expr","locations":[{"start":{"line":103,"column":48},"end":{"line":103,"column":55}},{"start":{"line":103,"column":58},"end":{"line":103,"column":70}}],"line":103},"18":{"loc":{"start":{"line":104,"column":6},"end":{"line":106,"column":7}},"type":"if","locations":[{"start":{"line":104,"column":6},"end":{"line":106,"column":7}},{"start":{},"end":{}}],"line":104},"19":{"loc":{"start":{"line":109,"column":4},"end":{"line":111,"column":5}},"type":"if","locations":[{"start":{"line":109,"column":4},"end":{"line":111,"column":5}},{"start":{},"end":{}}],"line":109},"20":{"loc":{"start":{"line":109,"column":8},"end":{"line":109,"column":58}},"type":"binary-expr","locations":[{"start":{"line":109,"column":8},"end":{"line":109,"column":13}},{"start":{"line":109,"column":17},"end":{"line":109,"column":29}},{"start":{"line":109,"column":33},"end":{"line":109,"column":58}}],"line":109},"21":{"loc":{"start":{"line":110,"column":18},"end":{"line":110,"column":62}},"type":"binary-expr","locations":[{"start":{"line":110,"column":18},"end":{"line":110,"column":30}},{"start":{"line":110,"column":34},"end":{"line":110,"column":62}}],"line":110},"22":{"loc":{"start":{"line":113,"column":4},"end":{"line":115,"column":5}},"type":"if","locations":[{"start":{"line":113,"column":4},"end":{"line":115,"column":5}},{"start":{},"end":{}}],"line":113},"23":{"loc":{"start":{"line":113,"column":8},"end":{"line":113,"column":64}},"type":"binary-expr","locations":[{"start":{"line":113,"column":8},"end":{"line":113,"column":13}},{"start":{"line":113,"column":17},"end":{"line":113,"column":31}},{"start":{"line":113,"column":35},"end":{"line":113,"column":64}}],"line":113},"24":{"loc":{"start":{"line":117,"column":4},"end":{"line":119,"column":5}},"type":"if","locations":[{"start":{"line":117,"column":4},"end":{"line":119,"column":5}},{"start":{},"end":{}}],"line":117},"25":{"loc":{"start":{"line":117,"column":8},"end":{"line":117,"column":64}},"type":"binary-expr","locations":[{"start":{"line":117,"column":8},"end":{"line":117,"column":13}},{"start":{"line":117,"column":17},"end":{"line":117,"column":31}},{"start":{"line":117,"column":35},"end":{"line":117,"column":64}}],"line":117},"26":{"loc":{"start":{"line":121,"column":4},"end":{"line":123,"column":5}},"type":"if","locations":[{"start":{"line":121,"column":4},"end":{"line":123,"column":5}},{"start":{},"end":{}}],"line":121},"27":{"loc":{"start":{"line":121,"column":8},"end":{"line":121,"column":45}},"type":"binary-expr","locations":[{"start":{"line":121,"column":8},"end":{"line":121,"column":13}},{"start":{"line":121,"column":17},"end":{"line":121,"column":25}},{"start":{"line":121,"column":29},"end":{"line":121,"column":45}}],"line":121},"28":{"loc":{"start":{"line":125,"column":4},"end":{"line":127,"column":5}},"type":"if","locations":[{"start":{"line":125,"column":4},"end":{"line":127,"column":5}},{"start":{},"end":{}}],"line":125},"29":{"loc":{"start":{"line":125,"column":8},"end":{"line":125,"column":45}},"type":"binary-expr","locations":[{"start":{"line":125,"column":8},"end":{"line":125,"column":13}},{"start":{"line":125,"column":17},"end":{"line":125,"column":25}},{"start":{"line":125,"column":29},"end":{"line":125,"column":45}}],"line":125},"30":{"loc":{"start":{"line":133,"column":25},"end":{"line":133,"column":37}},"type":"default-arg","locations":[{"start":{"line":133,"column":35},"end":{"line":133,"column":37}}],"line":133},"31":{"loc":{"start":{"line":139,"column":12},"end":{"line":139,"column":31}},"type":"binary-expr","locations":[{"start":{"line":139,"column":12},"end":{"line":139,"column":24}},{"start":{"line":139,"column":28},"end":{"line":139,"column":31}}],"line":139},"32":{"loc":{"start":{"line":140,"column":8},"end":{"line":140,"column":72}},"type":"binary-expr","locations":[{"start":{"line":140,"column":8},"end":{"line":140,"column":46}},{"start":{"line":140,"column":50},"end":{"line":140,"column":72}}],"line":140},"33":{"loc":{"start":{"line":146,"column":36},"end":{"line":146,"column":74}},"type":"default-arg","locations":[{"start":{"line":146,"column":49},"end":{"line":146,"column":74}}],"line":146},"34":{"loc":{"start":{"line":149,"column":13},"end":{"line":149,"column":49}},"type":"binary-expr","locations":[{"start":{"line":149,"column":13},"end":{"line":149,"column":26}},{"start":{"line":149,"column":30},"end":{"line":149,"column":49}}],"line":149},"35":{"loc":{"start":{"line":150,"column":12},"end":{"line":150,"column":38}},"type":"binary-expr","locations":[{"start":{"line":150,"column":12},"end":{"line":150,"column":24}},{"start":{"line":150,"column":28},"end":{"line":150,"column":38}}],"line":150},"36":{"loc":{"start":{"line":151,"column":8},"end":{"line":151,"column":51}},"type":"binary-expr","locations":[{"start":{"line":151,"column":8},"end":{"line":151,"column":21}},{"start":{"line":151,"column":25},"end":{"line":151,"column":51}}],"line":151}},"s":{"0":1,"1":16,"2":16,"3":16,"4":16,"5":16,"6":5,"7":5,"8":2,"9":2,"10":2,"11":2,"12":1,"13":1,"14":1,"15":1,"16":2,"17":2,"18":1,"19":4,"20":1,"21":3,"22":1,"23":2,"24":1,"25":0,"26":0,"27":1,"28":6,"29":6,"30":8,"31":8,"32":1,"33":8,"34":1,"35":1,"36":1,"37":8,"38":1,"39":8,"40":1,"41":8,"42":0,"43":8,"44":0,"45":8,"46":1,"47":6,"48":1,"49":0,"50":0,"51":1,"52":4,"53":1},"f":{"0":16,"1":5,"2":2,"3":2,"4":1,"5":1,"6":2,"7":4,"8":0,"9":0,"10":6,"11":8,"12":0,"13":4},"b":{"0":[1],"1":[8],"2":[2],"3":[1],"4":[1],"5":[0],"6":[0],"7":[0],"8":[1],"9":[1,3],"10":[1,2],"11":[2,1],"12":[0,2],"13":[1,7],"14":[8,3,2],"15":[1,7],"16":[8,6],"17":[0,1],"18":[1,0],"19":[1,7],"20":[8,6,1],"21":[1,0],"22":[1,7],"23":[8,6,1],"24":[0,8],"25":[8,6,0],"26":[0,8],"27":[8,6,1],"28":[1,7],"29":[8,6,1],"30":[0],"31":[0,0],"32":[0,0],"33":[3],"34":[4,0],"35":[4,2],"36":[4,1]},"_coverageSchema":"1a1c01bbd47fc00a2c39e90264f33305004495a9","hash":"407c93d635839d84f17b301f4bdc6887e9f8e6d6"}
,"/Users/prodmap/Desktop/crudJs/crud-api-js/utils/helpers.js": {"path":"/Users/prodmap/Desktop/crudJs/crud-api-js/utils/helpers.js","statementMap":{"0":{"start":{"line":6,"column":12},"end":{"line":6,"column":35}},"1":{"start":{"line":7,"column":15},"end":{"line":7,"column":32}},"2":{"start":{"line":9,"column":22},"end":{"line":15,"column":1}},"3":{"start":{"line":10,"column":2},"end":{"line":14,"column":4}},"4":{"start":{"line":17,"column":20},"end":{"line":23,"column":1}},"5":{"start":{"line":18,"column":2},"end":{"line":22,"column":3}},"6":{"start":{"line":19,"column":4},"end":{"line":19,"column":74}},"7":{"start":{"line":21,"column":4},"end":{"line":21,"column":16}},"8":{"start":{"line":25,"column":19},"end":{"line":30,"column":1}},"9":{"start":{"line":26,"column":12},"end":{"line":26,"column":26}},"10":{"start":{"line":27,"column":16},"end":{"line":27,"column":57}},"11":{"start":{"line":28,"column":14},"end":{"line":28,"column":50}},"12":{"start":{"line":29,"column":2},"end":{"line":29,"column":46}},"13":{"start":{"line":32,"column":23},"end":{"line":40,"column":1}},"14":{"start":{"line":33,"column":12},"end":{"line":33,"column":26}},"15":{"start":{"line":34,"column":16},"end":{"line":34,"column":57}},"16":{"start":{"line":35,"column":14},"end":{"line":35,"column":50}},"17":{"start":{"line":36,"column":16},"end":{"line":36,"column":53}},"18":{"start":{"line":37,"column":18},"end":{"line":37,"column":57}},"19":{"start":{"line":38,"column":18},"end":{"line":38,"column":57}},"20":{"start":{"line":39,"column":2},"end":{"line":39,"column":77}},"21":{"start":{"line":42,"column":19},"end":{"line":44,"column":1}},"22":{"start":{"line":43,"column":2},"end":{"line":43,"column":84}},"23":{"start":{"line":46,"column":16},"end":{"line":52,"column":1}},"24":{"start":{"line":47,"column":2},"end":{"line":47,"column":57}},"25":{"start":{"line":47,"column":45},"end":{"line":47,"column":57}},"26":{"start":{"line":48,"column":2},"end":{"line":48,"column":60}},"27":{"start":{"line":48,"column":33},"end":{"line":48,"column":60}},"28":{"start":{"line":49,"column":2},"end":{"line":49,"column":54}},"29":{"start":{"line":49,"column":28},"end":{"line":49,"column":54}},"30":{"start":{"line":50,"column":2},"end":{"line":50,"column":72}},"31":{"start":{"line":50,"column":33},"end":{"line":50,"column":72}},"32":{"start":{"line":51,"column":2},"end":{"line":51,"column":15}},"33":{"start":{"line":54,"column":21},"end":{"line":60,"column":1}},"34":{"start":{"line":55,"column":2},"end":{"line":55,"column":25}},"35":{"start":{"line":55,"column":13},"end":{"line":55,"column":25}},"36":{"start":{"line":57,"column":18},"end":{"line":57,"column":56}},"37":{"start":{"line":58,"column":37},"end":{"line":58,"column":44}},"38":{"start":{"line":59,"column":2},"end":{"line":59,"column":19}},"39":{"start":{"line":62,"column":20},"end":{"line":72,"column":1}},"40":{"start":{"line":63,"column":2},"end":{"line":65,"column":3}},"41":{"start":{"line":64,"column":4},"end":{"line":64,"column":43}},"42":{"start":{"line":67,"column":2},"end":{"line":71,"column":4}},"43":{"start":{"line":74,"column":28},"end":{"line":81,"column":1}},"44":{"start":{"line":75,"column":18},"end":{"line":75,"column":54}},"45":{"start":{"line":76,"column":19},"end":{"line":76,"column":72}},"46":{"start":{"line":77,"column":15},"end":{"line":77,"column":39}},"47":{"start":{"line":78,"column":21},"end":{"line":78,"column":48}},"48":{"start":{"line":80,"column":2},"end":{"line":80,"column":69}},"49":{"start":{"line":83,"column":19},"end":{"line":85,"column":1}},"50":{"start":{"line":84,"column":2},"end":{"line":84,"column":63}},"51":{"start":{"line":87,"column":14},"end":{"line":87,"column":69}},"52":{"start":{"line":87,"column":22},"end":{"line":87,"column":69}},"53":{"start":{"line":87,"column":45},"end":{"line":87,"column":68}},"54":{"start":{"line":89,"column":0},"end":{"line":101,"column":2}}},"fnMap":{"0":{"name":"(anonymous_0)","decl":{"start":{"line":9,"column":22},"end":{"line":9,"column":23}},"loc":{"start":{"line":9,"column":54},"end":{"line":15,"column":1}},"line":9},"1":{"name":"(anonymous_1)","decl":{"start":{"line":17,"column":20},"end":{"line":17,"column":21}},"loc":{"start":{"line":17,"column":31},"end":{"line":23,"column":1}},"line":17},"2":{"name":"(anonymous_2)","decl":{"start":{"line":25,"column":19},"end":{"line":25,"column":20}},"loc":{"start":{"line":25,"column":29},"end":{"line":30,"column":1}},"line":25},"3":{"name":"(anonymous_3)","decl":{"start":{"line":32,"column":23},"end":{"line":32,"column":24}},"loc":{"start":{"line":32,"column":33},"end":{"line":40,"column":1}},"line":32},"4":{"name":"(anonymous_4)","decl":{"start":{"line":42,"column":19},"end":{"line":42,"column":20}},"loc":{"start":{"line":42,"column":36},"end":{"line":44,"column":1}},"line":42},"5":{"name":"(anonymous_5)","decl":{"start":{"line":46,"column":16},"end":{"line":46,"column":17}},"loc":{"start":{"line":46,"column":27},"end":{"line":52,"column":1}},"line":46},"6":{"name":"(anonymous_6)","decl":{"start":{"line":54,"column":21},"end":{"line":54,"column":22}},"loc":{"start":{"line":54,"column":31},"end":{"line":60,"column":1}},"line":54},"7":{"name":"(anonymous_7)","decl":{"start":{"line":62,"column":20},"end":{"line":62,"column":21}},"loc":{"start":{"line":62,"column":31},"end":{"line":72,"column":1}},"line":62},"8":{"name":"(anonymous_8)","decl":{"start":{"line":74,"column":28},"end":{"line":74,"column":29}},"loc":{"start":{"line":74,"column":61},"end":{"line":81,"column":1}},"line":74},"9":{"name":"(anonymous_9)","decl":{"start":{"line":83,"column":19},"end":{"line":83,"column":20}},"loc":{"start":{"line":83,"column":28},"end":{"line":85,"column":1}},"line":83},"10":{"name":"(anonymous_10)","decl":{"start":{"line":87,"column":14},"end":{"line":87,"column":15}},"loc":{"start":{"line":87,"column":22},"end":{"line":87,"column":69}},"line":87},"11":{"name":"(anonymous_11)","decl":{"start":{"line":87,"column":34},"end":{"line":87,"column":35}},"loc":{"start":{"line":87,"column":45},"end":{"line":87,"column":68}},"line":87}},"branchMap":{"0":{"loc":{"start":{"line":9,"column":32},"end":{"line":9,"column":49}},"type":"default-arg","locations":[{"start":{"line":9,"column":44},"end":{"line":9,"column":49}}],"line":9},"1":{"loc":{"start":{"line":12,"column":4},"end":{"line":12,"column":47}},"type":"binary-expr","locations":[{"start":{"line":12,"column":4},"end":{"line":12,"column":26}},{"start":{"line":12,"column":30},"end":{"line":12,"column":47}}],"line":12},"2":{"loc":{"start":{"line":19,"column":29},"end":{"line":19,"column":72}},"type":"binary-expr","locations":[{"start":{"line":19,"column":29},"end":{"line":19,"column":51}},{"start":{"line":19,"column":55},"end":{"line":19,"column":72}}],"line":19},"3":{"loc":{"start":{"line":42,"column":20},"end":{"line":42,"column":31}},"type":"default-arg","locations":[{"start":{"line":42,"column":29},"end":{"line":42,"column":31}}],"line":42},"4":{"loc":{"start":{"line":47,"column":2},"end":{"line":47,"column":57}},"type":"if","locations":[{"start":{"line":47,"column":2},"end":{"line":47,"column":57}},{"start":{},"end":{}}],"line":47},"5":{"loc":{"start":{"line":47,"column":6},"end":{"line":47,"column":43}},"type":"binary-expr","locations":[{"start":{"line":47,"column":6},"end":{"line":47,"column":20}},{"start":{"line":47,"column":24},"end":{"line":47,"column":43}}],"line":47},"6":{"loc":{"start":{"line":48,"column":2},"end":{"line":48,"column":60}},"type":"if","locations":[{"start":{"line":48,"column":2},"end":{"line":48,"column":60}},{"start":{},"end":{}}],"line":48},"7":{"loc":{"start":{"line":49,"column":2},"end":{"line":49,"column":54}},"type":"if","locations":[{"start":{"line":49,"column":2},"end":{"line":49,"column":54}},{"start":{},"end":{}}],"line":49},"8":{"loc":{"start":{"line":50,"column":2},"end":{"line":50,"column":72}},"type":"if","locations":[{"start":{"line":50,"column":2},"end":{"line":50,"column":72}},{"start":{},"end":{}}],"line":50},"9":{"loc":{"start":{"line":55,"column":2},"end":{"line":55,"column":25}},"type":"if","locations":[{"start":{"line":55,"column":2},"end":{"line":55,"column":25}},{"start":{},"end":{}}],"line":55},"10":{"loc":{"start":{"line":57,"column":18},"end":{"line":57,"column":56}},"type":"cond-expr","locations":[{"start":{"line":57,"column":34},"end":{"line":57,"column":49}},{"start":{"line":57,"column":52},"end":{"line":57,"column":56}}],"line":57},"11":{"loc":{"start":{"line":63,"column":2},"end":{"line":65,"column":3}},"type":"if","locations":[{"start":{"line":63,"column":2},"end":{"line":65,"column":3}},{"start":{},"end":{}}],"line":63},"12":{"loc":{"start":{"line":68,"column":13},"end":{"line":68,"column":49}},"type":"binary-expr","locations":[{"start":{"line":68,"column":13},"end":{"line":68,"column":26}},{"start":{"line":68,"column":30},"end":{"line":68,"column":49}}],"line":68},"13":{"loc":{"start":{"line":69,"column":12},"end":{"line":69,"column":31}},"type":"binary-expr","locations":[{"start":{"line":69,"column":12},"end":{"line":69,"column":24}},{"start":{"line":69,"column":28},"end":{"line":69,"column":31}}],"line":69},"14":{"loc":{"start":{"line":70,"column":13},"end":{"line":70,"column":34}},"type":"binary-expr","locations":[{"start":{"line":70,"column":13},"end":{"line":70,"column":26}},{"start":{"line":70,"column":30},"end":{"line":70,"column":34}}],"line":70},"15":{"loc":{"start":{"line":74,"column":36},"end":{"line":74,"column":44}},"type":"default-arg","locations":[{"start":{"line":74,"column":43},"end":{"line":74,"column":44}}],"line":74},"16":{"loc":{"start":{"line":74,"column":46},"end":{"line":74,"column":56}},"type":"default-arg","locations":[{"start":{"line":74,"column":54},"end":{"line":74,"column":56}}],"line":74},"17":{"loc":{"start":{"line":75,"column":30},"end":{"line":75,"column":53}},"type":"binary-expr","locations":[{"start":{"line":75,"column":30},"end":{"line":75,"column":48}},{"start":{"line":75,"column":52},"end":{"line":75,"column":53}}],"line":75},"18":{"loc":{"start":{"line":76,"column":45},"end":{"line":76,"column":70}},"type":"binary-expr","locations":[{"start":{"line":76,"column":45},"end":{"line":76,"column":64}},{"start":{"line":76,"column":68},"end":{"line":76,"column":70}}],"line":76}},"s":{"0":1,"1":1,"2":1,"3":3,"4":1,"5":3,"6":3,"7":1,"8":1,"9":3,"10":3,"11":3,"12":3,"13":1,"14":2,"15":2,"16":2,"17":2,"18":2,"19":2,"20":2,"21":1,"22":5,"23":1,"24":11,"25":2,"26":9,"27":3,"28":6,"29":2,"30":4,"31":2,"32":2,"33":1,"34":3,"35":1,"36":2,"37":2,"38":2,"39":1,"40":3,"41":1,"42":2,"43":1,"44":5,"45":5,"46":5,"47":5,"48":5,"49":1,"50":4,"51":1,"52":1,"53":1,"54":1},"f":{"0":3,"1":3,"2":3,"3":2,"4":5,"5":11,"6":3,"7":3,"8":5,"9":4,"10":1,"11":1},"b":{"0":[2],"1":[3,3],"2":[3,3],"3":[3],"4":[2,9],"5":[11,10],"6":[3,6],"7":[2,4],"8":[2,2],"9":[1,2],"10":[1,1],"11":[1,2],"12":[2,0],"13":[2,1],"14":[2,2],"15":[1],"16":[1],"17":[5,0],"18":[5,0]},"_coverageSchema":"1a1c01bbd47fc00a2c39e90264f33305004495a9","hash":"9fc52ee79e7a9b5859dfa4fa5edaf5943b97d587"}
,"/Users/prodmap/Desktop/crudJs/crud-api-js/utils/validators.js": {"path":"/Users/prodmap/Desktop/crudJs/crud-api-js/utils/validators.js","statementMap":{"0":{"start":{"line":6,"column":22},"end":{"line":9,"column":1}},"1":{"start":{"line":7,"column":21},"end":{"line":7,"column":49}},"2":{"start":{"line":8,"column":2},"end":{"line":8,"column":32}},"3":{"start":{"line":11,"column":25},"end":{"line":34,"column":1}},"4":{"start":{"line":12,"column":17},"end":{"line":12,"column":18}},"5":{"start":{"line":13,"column":17},"end":{"line":13,"column":19}},"6":{"start":{"line":15,"column":2},"end":{"line":17,"column":3}},"7":{"start":{"line":16,"column":4},"end":{"line":16,"column":94}},"8":{"start":{"line":19,"column":2},"end":{"line":20,"column":44}},"9":{"start":{"line":19,"column":28},"end":{"line":19,"column":43}},"10":{"start":{"line":20,"column":7},"end":{"line":20,"column":44}},"11":{"start":{"line":22,"column":2},"end":{"line":23,"column":48}},"12":{"start":{"line":22,"column":30},"end":{"line":22,"column":45}},"13":{"start":{"line":23,"column":7},"end":{"line":23,"column":48}},"14":{"start":{"line":25,"column":2},"end":{"line":26,"column":48}},"15":{"start":{"line":25,"column":30},"end":{"line":25,"column":45}},"16":{"start":{"line":26,"column":7},"end":{"line":26,"column":48}},"17":{"start":{"line":28,"column":2},"end":{"line":29,"column":38}},"18":{"start":{"line":28,"column":30},"end":{"line":28,"column":45}},"19":{"start":{"line":29,"column":7},"end":{"line":29,"column":38}},"20":{"start":{"line":31,"column":18},"end":{"line":31,"column":106}},"21":{"start":{"line":33,"column":2},"end":{"line":33,"column":66}},"22":{"start":{"line":36,"column":25},"end":{"line":41,"column":1}},"23":{"start":{"line":37,"column":2},"end":{"line":39,"column":3}},"24":{"start":{"line":38,"column":4},"end":{"line":38,"column":38}},"25":{"start":{"line":40,"column":2},"end":{"line":40,"column":14}},"26":{"start":{"line":43,"column":20},"end":{"line":46,"column":1}},"27":{"start":{"line":44,"column":17},"end":{"line":44,"column":34}},"28":{"start":{"line":45,"column":2},"end":{"line":45,"column":64}},"29":{"start":{"line":48,"column":30},"end":{"line":53,"column":1}},"30":{"start":{"line":49,"column":2},"end":{"line":51,"column":3}},"31":{"start":{"line":50,"column":4},"end":{"line":50,"column":36}},"32":{"start":{"line":52,"column":2},"end":{"line":52,"column":14}},"33":{"start":{"line":55,"column":21},"end":{"line":58,"column":1}},"34":{"start":{"line":56,"column":20},"end":{"line":56,"column":42}},"35":{"start":{"line":57,"column":2},"end":{"line":57,"column":30}},"36":{"start":{"line":60,"column":22},"end":{"line":63,"column":1}},"37":{"start":{"line":61,"column":21},"end":{"line":61,"column":34}},"38":{"start":{"line":62,"column":2},"end":{"line":62,"column":51}},"39":{"start":{"line":65,"column":0},"end":{"line":73,"column":2}}},"fnMap":{"0":{"name":"(anonymous_0)","decl":{"start":{"line":6,"column":22},"end":{"line":6,"column":23}},"loc":{"start":{"line":6,"column":33},"end":{"line":9,"column":1}},"line":6},"1":{"name":"(anonymous_1)","decl":{"start":{"line":11,"column":25},"end":{"line":11,"column":26}},"loc":{"start":{"line":11,"column":39},"end":{"line":34,"column":1}},"line":11},"2":{"name":"(anonymous_2)","decl":{"start":{"line":36,"column":25},"end":{"line":36,"column":26}},"loc":{"start":{"line":36,"column":47},"end":{"line":41,"column":1}},"line":36},"3":{"name":"(anonymous_3)","decl":{"start":{"line":43,"column":20},"end":{"line":43,"column":21}},"loc":{"start":{"line":43,"column":56},"end":{"line":46,"column":1}},"line":43},"4":{"name":"(anonymous_4)","decl":{"start":{"line":48,"column":30},"end":{"line":48,"column":31}},"loc":{"start":{"line":48,"column":61},"end":{"line":53,"column":1}},"line":48},"5":{"name":"(anonymous_5)","decl":{"start":{"line":55,"column":21},"end":{"line":55,"column":22}},"loc":{"start":{"line":55,"column":31},"end":{"line":58,"column":1}},"line":55},"6":{"name":"(anonymous_6)","decl":{"start":{"line":60,"column":22},"end":{"line":60,"column":23}},"loc":{"start":{"line":60,"column":33},"end":{"line":63,"column":1}},"line":60}},"branchMap":{"0":{"loc":{"start":{"line":15,"column":2},"end":{"line":17,"column":3}},"type":"if","locations":[{"start":{"line":15,"column":2},"end":{"line":17,"column":3}},{"start":{},"end":{}}],"line":15},"1":{"loc":{"start":{"line":19,"column":2},"end":{"line":20,"column":44}},"type":"if","locations":[{"start":{"line":19,"column":2},"end":{"line":20,"column":44}},{"start":{"line":20,"column":7},"end":{"line":20,"column":44}}],"line":19},"2":{"loc":{"start":{"line":22,"column":2},"end":{"line":23,"column":48}},"type":"if","locations":[{"start":{"line":22,"column":2},"end":{"line":23,"column":48}},{"start":{"line":23,"column":7},"end":{"line":23,"column":48}}],"line":22},"3":{"loc":{"start":{"line":25,"column":2},"end":{"line":26,"column":48}},"type":"if","locations":[{"start":{"line":25,"column":2},"end":{"line":26,"column":48}},{"start":{"line":26,"column":7},"end":{"line":26,"column":48}}],"line":25},"4":{"loc":{"start":{"line":28,"column":2},"end":{"line":29,"column":38}},"type":"if","locations":[{"start":{"line":28,"column":2},"end":{"line":29,"column":38}},{"start":{"line":29,"column":7},"end":{"line":29,"column":38}}],"line":28},"5":{"loc":{"start":{"line":31,"column":18},"end":{"line":31,"column":106}},"type":"cond-expr","locations":[{"start":{"line":31,"column":37},"end":{"line":31,"column":45}},{"start":{"line":31,"column":48},"end":{"line":31,"column":106}}],"line":31},"6":{"loc":{"start":{"line":31,"column":48},"end":{"line":31,"column":106}},"type":"cond-expr","locations":[{"start":{"line":31,"column":65},"end":{"line":31,"column":71}},{"start":{"line":31,"column":74},"end":{"line":31,"column":106}}],"line":31},"7":{"loc":{"start":{"line":31,"column":74},"end":{"line":31,"column":106}},"type":"cond-expr","locations":[{"start":{"line":31,"column":91},"end":{"line":31,"column":97}},{"start":{"line":31,"column":100},"end":{"line":31,"column":106}}],"line":31},"8":{"loc":{"start":{"line":37,"column":2},"end":{"line":39,"column":3}},"type":"if","locations":[{"start":{"line":37,"column":2},"end":{"line":39,"column":3}},{"start":{},"end":{}}],"line":37},"9":{"loc":{"start":{"line":37,"column":6},"end":{"line":37,"column":46}},"type":"binary-expr","locations":[{"start":{"line":37,"column":6},"end":{"line":37,"column":12}},{"start":{"line":37,"column":16},"end":{"line":37,"column":46}}],"line":37},"10":{"loc":{"start":{"line":43,"column":26},"end":{"line":43,"column":37}},"type":"default-arg","locations":[{"start":{"line":43,"column":35},"end":{"line":43,"column":37}}],"line":43},"11":{"loc":{"start":{"line":43,"column":39},"end":{"line":43,"column":51}},"type":"default-arg","locations":[{"start":{"line":43,"column":48},"end":{"line":43,"column":51}}],"line":43},"12":{"loc":{"start":{"line":45,"column":9},"end":{"line":45,"column":63}},"type":"binary-expr","locations":[{"start":{"line":45,"column":9},"end":{"line":45,"column":23}},{"start":{"line":45,"column":27},"end":{"line":45,"column":43}},{"start":{"line":45,"column":47},"end":{"line":45,"column":63}}],"line":45},"13":{"loc":{"start":{"line":49,"column":2},"end":{"line":51,"column":3}},"type":"if","locations":[{"start":{"line":49,"column":2},"end":{"line":51,"column":3}},{"start":{},"end":{}}],"line":49}},"s":{"0":1,"1":8,"2":8,"3":1,"4":9,"5":9,"6":9,"7":1,"8":8,"9":6,"10":2,"11":8,"12":7,"13":1,"14":8,"15":5,"16":3,"17":8,"18":6,"19":2,"20":8,"21":8,"22":1,"23":7,"24":5,"25":2,"26":1,"27":14,"28":14,"29":1,"30":3,"31":2,"32":1,"33":1,"34":6,"35":6,"36":1,"37":5,"38":5,"39":1},"f":{"0":8,"1":9,"2":7,"3":14,"4":3,"5":6,"6":5},"b":{"0":[1,8],"1":[6,2],"2":[7,1],"3":[5,3],"4":[6,2],"5":[2,6],"6":[5,1],"7":[0,1],"8":[5,2],"9":[7,3],"10":[11],"11":[11],"12":[14,12,8],"13":[2,1]},"_coverageSchema":"1a1c01bbd47fc00a2c39e90264f33305004495a9","hash":"40d1587a5e20141c5badb34230f74fd1ddc80a97"}
}
