TN:
SF:controllers/userController.js
FN:7,(anonymous_0)
FN:17,(anonymous_1)
FN:30,(anonymous_2)
FN:42,(anonymous_3)
FN:54,(anonymous_4)
FN:64,(anonymous_5)
FN:77,(anonymous_6)
FN:90,(anonymous_7)
FN:103,(anonymous_8)
FN:116,(anonymous_9)
FN:129,(anonymous_10)
FNF:11
FNH:6
FNDA:0,(anonymous_0)
FNDA:0,(anonymous_1)
FNDA:4,(anonymous_2)
FNDA:4,(anonymous_3)
FNDA:0,(anonymous_4)
FNDA:0,(anonymous_5)
FNDA:0,(anonymous_6)
FNDA:1,(anonymous_7)
FNDA:1,(anonymous_8)
FNDA:1,(anonymous_9)
FNDA:1,(anonymous_10)
DA:1,1
DA:2,1
DA:7,1
DA:8,0
DA:9,0
DA:10,0
DA:12,0
DA:17,1
DA:18,0
DA:19,0
DA:20,0
DA:21,0
DA:23,0
DA:25,0
DA:30,1
DA:31,4
DA:32,4
DA:33,1
DA:35,3
DA:36,3
DA:37,3
DA:42,1
DA:43,4
DA:44,4
DA:45,1
DA:47,3
DA:48,3
DA:49,3
DA:54,1
DA:55,0
DA:56,0
DA:57,0
DA:59,0
DA:64,1
DA:65,0
DA:66,0
DA:67,0
DA:68,0
DA:70,0
DA:72,0
DA:77,1
DA:78,0
DA:79,0
DA:80,0
DA:81,0
DA:83,0
DA:85,0
DA:90,1
DA:91,1
DA:92,1
DA:93,0
DA:94,0
DA:96,0
DA:98,1
DA:103,1
DA:104,1
DA:105,1
DA:106,1
DA:107,1
DA:109,0
DA:110,0
DA:111,0
DA:116,1
DA:117,1
DA:118,1
DA:119,1
DA:120,1
DA:122,0
DA:123,0
DA:124,0
DA:129,1
DA:130,1
DA:131,1
DA:132,1
DA:133,1
DA:135,0
DA:136,0
DA:137,0
DA:141,1
LF:79
LH:41
BRDA:20,0,0,0
BRDA:20,0,1,0
BRDA:36,1,0,3
BRDA:36,1,1,0
BRDA:37,2,0,3
BRDA:37,2,1,3
BRDA:48,3,0,3
BRDA:48,3,1,0
BRDA:49,4,0,3
BRDA:49,4,1,3
BRDA:67,5,0,0
BRDA:67,5,1,0
BRDA:80,6,0,0
BRDA:80,6,1,0
BRDA:93,7,0,0
BRDA:93,7,1,0
BRDA:105,8,0,1
BRDA:105,8,1,1
BRDA:110,9,0,0
BRDA:110,9,1,0
BRDA:111,10,0,0
BRDA:111,10,1,0
BRDA:118,11,0,1
BRDA:118,11,1,1
BRDA:123,12,0,0
BRDA:123,12,1,0
BRDA:124,13,0,0
BRDA:124,13,1,0
BRDA:131,14,0,1
BRDA:131,14,1,1
BRDA:136,15,0,0
BRDA:136,15,1,0
BRDA:137,16,0,0
BRDA:137,16,1,0
BRF:34
BRH:12
end_of_record
TN:
SF:routes/adminRoutes.js
FN:7,(anonymous_0)
FN:26,(anonymous_1)
FNF:2
FNH:1
FNDA:3,(anonymous_0)
FNDA:0,(anonymous_1)
DA:1,1
DA:2,1
DA:3,1
DA:4,1
DA:7,1
DA:8,3
DA:10,3
DA:11,3
DA:12,1
DA:15,2
DA:16,1
DA:21,1
DA:26,1
DA:27,0
DA:28,0
DA:29,0
DA:30,0
DA:33,0
DA:34,0
DA:36,0
DA:37,0
DA:39,0
DA:45,0
DA:49,1
LF:24
LH:14
BRDA:11,0,0,1
BRDA:11,0,1,2
BRDA:11,1,0,3
BRDA:11,1,1,3
BRDA:29,2,0,0
BRDA:29,2,1,0
BRDA:29,3,0,0
BRDA:29,3,1,0
BRDA:34,4,0,0
BRDA:34,4,1,0
BRDA:37,5,0,0
BRDA:37,5,1,0
BRF:12
BRH:4
end_of_record
TN:
SF:routes/authRoutes.js
FN:15,(anonymous_0)
FNF:1
FNH:1
FNDA:1,(anonymous_0)
DA:1,1
DA:2,1
DA:3,1
DA:4,1
DA:7,1
DA:8,1
DA:11,1
DA:12,1
DA:15,1
DA:16,1
DA:24,1
DA:27,1
DA:28,1
DA:29,1
DA:31,1
LF:15
LH:15
BRF:0
BRH:0
end_of_record
TN:
SF:services/user.service.js
FN:11,createToken
FN:24,validatePassword
FN:51,registerUser
FN:112,loginUser
FN:155,updateCurrentUser
FN:198,deleteCurrentUser
FN:220,refreshToken
FNF:7
FNH:7
FNDA:6,createToken
FNDA:10,validatePassword
FNDA:8,registerUser
FNDA:6,loginUser
FNDA:4,updateCurrentUser
FNDA:3,deleteCurrentUser
FNDA:2,refreshToken
DA:1,2
DA:2,2
DA:3,2
DA:4,2
DA:12,6
DA:25,10
DA:27,10
DA:28,2
DA:30,10
DA:31,2
DA:33,10
DA:34,1
DA:36,10
DA:37,2
DA:40,10
DA:52,8
DA:54,8
DA:55,1
DA:56,1
DA:57,1
DA:60,7
DA:61,2
DA:62,2
DA:63,2
DA:66,5
DA:67,5
DA:68,1
DA:69,1
DA:70,1
DA:71,1
DA:74,4
DA:75,4
DA:76,1
DA:77,1
DA:78,1
DA:81,3
DA:82,3
DA:84,3
DA:92,3
DA:99,3
DA:101,3
DA:102,3
DA:104,3
DA:113,6
DA:114,6
DA:115,2
DA:116,2
DA:117,2
DA:120,4
DA:121,4
DA:122,1
DA:123,1
DA:124,1
DA:127,3
DA:128,3
DA:129,1
DA:130,1
DA:131,1
DA:134,2
DA:141,2
DA:143,2
DA:144,2
DA:146,2
DA:156,4
DA:158,4
DA:159,1
DA:160,1
DA:161,1
DA:164,3
DA:165,3
DA:166,3
DA:167,1
DA:168,1
DA:169,1
DA:170,1
DA:172,0
DA:174,2
DA:176,2
DA:177,2
DA:178,1
DA:179,1
DA:180,1
DA:183,1
DA:184,1
DA:185,0
DA:186,0
DA:187,0
DA:190,1
DA:199,3
DA:200,1
DA:201,1
DA:202,1
DA:205,2
DA:206,2
DA:207,1
DA:208,1
DA:209,1
DA:212,1
DA:221,2
DA:222,2
DA:223,1
DA:224,1
DA:225,1
DA:228,1
DA:234,1
DA:236,1
DA:239,2
LF:107
LH:103
BRDA:14,0,0,6
BRDA:14,0,1,6
BRDA:27,1,0,2
BRDA:27,1,1,8
BRDA:27,2,0,10
BRDA:27,2,1,10
BRDA:30,3,0,2
BRDA:30,3,1,8
BRDA:33,4,0,1
BRDA:33,4,1,9
BRDA:36,5,0,2
BRDA:36,5,1,8
BRDA:54,6,0,1
BRDA:54,6,1,7
BRDA:60,7,0,2
BRDA:60,7,1,5
BRDA:60,8,0,7
BRDA:60,8,1,6
BRDA:67,9,0,1
BRDA:67,9,1,4
BRDA:75,10,0,1
BRDA:75,10,1,3
BRDA:114,11,0,2
BRDA:114,11,1,4
BRDA:114,12,0,6
BRDA:114,12,1,5
BRDA:121,13,0,1
BRDA:121,13,1,3
BRDA:128,14,0,1
BRDA:128,14,1,2
BRDA:158,15,0,1
BRDA:158,15,1,3
BRDA:165,16,0,2
BRDA:165,16,1,1
BRDA:166,17,0,1
BRDA:166,17,1,2
BRDA:167,18,0,1
BRDA:167,18,1,0
BRDA:167,19,0,1
BRDA:167,19,1,1
BRDA:167,19,2,1
BRDA:167,19,3,1
BRDA:174,20,0,0
BRDA:174,20,1,2
BRDA:177,21,0,1
BRDA:177,21,1,1
BRDA:184,22,0,0
BRDA:184,22,1,1
BRDA:199,23,0,1
BRDA:199,23,1,2
BRDA:206,24,0,1
BRDA:206,24,1,1
BRDA:222,25,0,1
BRDA:222,25,1,1
BRF:54
BRH:51
end_of_record
